Questioner/app/build/intermediates/manifest_merge_blame_file/debug/manifest-merger-blame-debug-report.txt
1<?xml version="1.0" encoding="utf-8"?>
2<manifest xmlns:android="http://schemas.android.com/apk/res/android"
3    package="com.example.questioner"
4    android:versionCode="1"
5    android:versionName="1.0" >
6
7    <uses-sdk
8        android:minSdkVersion="24"
8-->src\main\AndroidManifest.xml
9        android:targetSdkVersion="32" />
9-->src\main\AndroidManifest.xml
10
11    <application
11-->src\main\AndroidManifest.xml:6:5-49:19
12        android:allowBackup="true"
12-->src\main\AndroidManifest.xml:7:9-35
13        android:appComponentFactory="androidx.core.app.CoreComponentFactory"
13-->[androidx.core:core:1.7.0] AndroidManifest.xml:24:18-86
14        android:dataExtractionRules="@xml/data_extraction_rules"
14-->src\main\AndroidManifest.xml:8:9-65
15        android:debuggable="true"
16        android:extractNativeLibs="false"
17        android:fullBackupContent="@xml/backup_rules"
17-->src\main\AndroidManifest.xml:9:9-54
18        android:icon="@mipmap/ic_launcher"
18-->src\main\AndroidManifest.xml:10:9-43
19        android:label="@string/app_name"
19-->src\main\AndroidManifest.xml:11:9-41
20        android:roundIcon="@mipmap/ic_launcher_round"
20-->src\main\AndroidManifest.xml:12:9-54
21        android:supportsRtl="true"
21-->src\main\AndroidManifest.xml:13:9-35
22        android:testOnly="true"
23        android:theme="@style/Theme.Questioner" >
23-->src\main\AndroidManifest.xml:14:9-48
24        <activity
24-->src\main\AndroidManifest.xml:16:9-18:40
25            android:name="com.example.questioner.ResultActivity"
25-->src\main\AndroidManifest.xml:17:13-43
26            android:exported="false" />
26-->src\main\AndroidManifest.xml:18:13-37
27        <activity
27-->src\main\AndroidManifest.xml:19:9-21:40
28            android:name="com.example.questioner.AddQuestionActivity"
28-->src\main\AndroidManifest.xml:20:13-48
29            android:exported="false" />
29-->src\main\AndroidManifest.xml:21:13-37
30        <activity
30-->src\main\AndroidManifest.xml:22:9-24:40
31            android:name="com.example.questioner.QuestionActivity"
31-->src\main\AndroidManifest.xml:23:13-45
32            android:exported="false" />
32-->src\main\AndroidManifest.xml:24:13-37
33        <activity
33-->src\main\AndroidManifest.xml:25:9-27:40
34            android:name="com.example.questioner.AdminTopicActivity"
34-->src\main\AndroidManifest.xml:26:13-47
35            android:exported="false" />
35-->src\main\AndroidManifest.xml:27:13-37
36        <activity
36-->src\main\AndroidManifest.xml:28:9-30:40
37            android:name="com.example.questioner.AdminMainActivity"
37-->src\main\AndroidManifest.xml:29:13-46
38            android:exported="false" />
38-->src\main\AndroidManifest.xml:30:13-37
39        <activity
39-->src\main\AndroidManifest.xml:31:9-33:40
40            android:name="com.example.questioner.TopicActivity"
40-->src\main\AndroidManifest.xml:32:13-42
41            android:exported="false" />
41-->src\main\AndroidManifest.xml:33:13-37
42        <activity
42-->src\main\AndroidManifest.xml:34:9-36:40
43            android:name="com.example.questioner.RegisterActivity"
43-->src\main\AndroidManifest.xml:35:13-45
44            android:exported="false" />
44-->src\main\AndroidManifest.xml:36:13-37
45        <activity
45-->src\main\AndroidManifest.xml:37:9-39:40
46            android:name="com.example.questioner.LoginActivity"
46-->src\main\AndroidManifest.xml:38:13-42
47            android:exported="false" />
47-->src\main\AndroidManifest.xml:39:13-37
48        <activity
48-->src\main\AndroidManifest.xml:40:9-48:20
49            android:name="com.example.questioner.SplashScreenActivity"
49-->src\main\AndroidManifest.xml:41:13-49
50            android:exported="true" >
50-->src\main\AndroidManifest.xml:42:13-36
51            <intent-filter>
51-->src\main\AndroidManifest.xml:43:13-47:29
52                <action android:name="android.intent.action.MAIN" />
52-->src\main\AndroidManifest.xml:44:17-69
52-->src\main\AndroidManifest.xml:44:25-66
53
54                <category android:name="android.intent.category.LAUNCHER" />
54-->src\main\AndroidManifest.xml:46:17-77
54-->src\main\AndroidManifest.xml:46:27-74
55            </intent-filter>
56        </activity>
57
58        <provider
58-->[androidx.emoji2:emoji2:1.0.0] AndroidManifest.xml:26:9-34:20
59            android:name="androidx.startup.InitializationProvider"
59-->[androidx.emoji2:emoji2:1.0.0] AndroidManifest.xml:27:13-67
60            android:authorities="com.example.questioner.androidx-startup"
60-->[androidx.emoji2:emoji2:1.0.0] AndroidManifest.xml:28:13-68
61            android:exported="false" >
61-->[androidx.emoji2:emoji2:1.0.0] AndroidManifest.xml:29:13-37
62            <meta-data
62-->[androidx.emoji2:emoji2:1.0.0] AndroidManifest.xml:31:13-33:52
63                android:name="androidx.emoji2.text.EmojiCompatInitializer"
63-->[androidx.emoji2:emoji2:1.0.0] AndroidManifest.xml:32:17-75
64                android:value="androidx.startup" />
64-->[androidx.emoji2:emoji2:1.0.0] AndroidManifest.xml:33:17-49
65            <meta-data
65-->[androidx.lifecycle:lifecycle-process:2.4.0] AndroidManifest.xml:31:13-33:52
66                android:name="androidx.lifecycle.ProcessLifecycleInitializer"
66-->[androidx.lifecycle:lifecycle-process:2.4.0] AndroidManifest.xml:32:17-78
67                android:value="androidx.startup" />
67-->[androidx.lifecycle:lifecycle-process:2.4.0] AndroidManifest.xml:33:17-49
68        </provider>
69    </application>
70
71</manifest>